[2025-12-24T10:56:34.828+0000] {local_task_job_runner.py:120} INFO - ::group::Pre task execution logs
[2025-12-24T10:56:34.889+0000] {taskinstance.py:2073} INFO - Dependencies all met for dep_context=non-requeueable deps ti=<TaskInstance: aviation_batch_pipeline.run_batch_pipeline manual__2025-12-24T10:55:28.960574+00:00 [queued]>
[2025-12-24T10:56:34.908+0000] {taskinstance.py:2073} INFO - Dependencies all met for dep_context=requeueable deps ti=<TaskInstance: aviation_batch_pipeline.run_batch_pipeline manual__2025-12-24T10:55:28.960574+00:00 [queued]>
[2025-12-24T10:56:34.909+0000] {taskinstance.py:2303} INFO - Starting attempt 1 of 3
[2025-12-24T10:56:34.937+0000] {taskinstance.py:2327} INFO - Executing <Task(PythonOperator): run_batch_pipeline> on 2025-12-24 10:55:28.960574+00:00
[2025-12-24T10:56:34.950+0000] {standard_task_runner.py:63} INFO - Started process 7317 to run task
[2025-12-24T10:56:34.954+0000] {standard_task_runner.py:90} INFO - Running: ['***', 'tasks', 'run', 'aviation_batch_pipeline', 'run_batch_pipeline', 'manual__2025-12-24T10:55:28.960574+00:00', '--job-id', '47', '--raw', '--subdir', 'DAGS_FOLDER/aviation_batch_dag.py', '--cfg-path', '/tmp/tmplqgfvkys']
[2025-12-24T10:56:34.957+0000] {standard_task_runner.py:91} INFO - Job 47: Subtask run_batch_pipeline
[2025-12-24T10:56:35.334+0000] {task_command.py:426} INFO - Running <TaskInstance: aviation_batch_pipeline.run_batch_pipeline manual__2025-12-24T10:55:28.960574+00:00 [running]> on host 849a36138e84
[2025-12-24T10:56:35.478+0000] {taskinstance.py:2644} INFO - Exporting env vars: AIRFLOW_CTX_DAG_OWNER='aviation_team' AIRFLOW_CTX_DAG_ID='aviation_batch_pipeline' AIRFLOW_CTX_TASK_ID='run_batch_pipeline' AIRFLOW_CTX_EXECUTION_DATE='2025-12-24T10:55:28.960574+00:00' AIRFLOW_CTX_TRY_NUMBER='1' AIRFLOW_CTX_DAG_RUN_ID='manual__2025-12-24T10:55:28.960574+00:00'
[2025-12-24T10:56:35.479+0000] {taskinstance.py:430} INFO - ::endgroup::
[2025-12-24T10:56:42.708+0000] {logging_mixin.py:188} INFO - 
============================================================
[2025-12-24T10:56:42.708+0000] {logging_mixin.py:188} INFO - STAGE 1: Processing States Data
[2025-12-24T10:56:42.708+0000] {logging_mixin.py:188} INFO - ============================================================
[2025-12-24T10:56:42.709+0000] {logging_mixin.py:188} INFO - Using states path: /data/aviation_data/states
[2025-12-24T10:56:43.609+0000] {logging_mixin.py:188} INFO - Found 2722 tar files to process
[2025-12-24T10:56:43.610+0000] {logging_mixin.py:188} INFO -   Ensured output directory exists: /tmp/aviation/filtered_states
[2025-12-24T10:56:43.610+0000] {logging_mixin.py:188} INFO - Processing 2722 tar files...
[2025-12-24T10:56:43.610+0000] {logging_mixin.py:188} INFO - Processing batch 1/545 (5 files)
[2025-12-24T10:56:43.610+0000] {logging_mixin.py:188} INFO -   Extracting file 1/5: states_.2017-06-05-00.csv.tar
[2025-12-24T10:56:43.622+0000] {logging_mixin.py:188} INFO -   Extracting file 2/5: states_2017-06-05-00.csv.tar
[2025-12-24T10:56:44.157+0000] {logging_mixin.py:188} INFO -   Extracting file 3/5: states_.2017-06-05-01.csv.tar
[2025-12-24T10:56:44.167+0000] {logging_mixin.py:188} INFO -   Extracting file 4/5: states_2017-06-05-01.csv.tar
[2025-12-24T10:56:44.667+0000] {logging_mixin.py:188} INFO -   Extracting file 5/5: states_.2017-06-05-02.csv.tar
[2025-12-24T10:56:44.675+0000] {logging_mixin.py:188} INFO -   Reading 2 CSV files with Spark...
[2025-12-24T10:56:56.760+0000] {logging_mixin.py:188} INFO -   Batch 1: 19094 India-related records
[2025-12-24T10:57:07.363+0000] {logging_mixin.py:188} INFO -   Batch 1: Saved to /tmp/aviation/filtered_states | Current size: 0.115 GB
[2025-12-24T10:57:07.398+0000] {logging_mixin.py:188} INFO -   Cleaned up temp directory
[2025-12-24T10:57:07.410+0000] {logging_mixin.py:188} INFO - Processing batch 2/545 (5 files)
[2025-12-24T10:57:07.411+0000] {logging_mixin.py:188} INFO -   Extracting file 1/5: states_2017-06-05-02.csv.tar
[2025-12-24T10:57:07.882+0000] {logging_mixin.py:188} INFO -   Extracting file 2/5: states_.2017-06-05-03.csv.tar
[2025-12-24T10:57:07.917+0000] {logging_mixin.py:188} INFO -   Extracting file 3/5: states_2017-06-05-03.csv.tar
[2025-12-24T10:57:08.351+0000] {logging_mixin.py:188} INFO -   Extracting file 4/5: states_.2017-06-05-04.csv.tar
[2025-12-24T10:57:08.365+0000] {logging_mixin.py:188} INFO -   Extracting file 5/5: states_2017-06-05-04.csv.tar
[2025-12-24T10:57:08.815+0000] {logging_mixin.py:188} INFO -   Reading 3 CSV files with Spark...
[2025-12-24T10:57:14.849+0000] {logging_mixin.py:188} INFO -   Batch 2: 37879 India-related records
[2025-12-24T10:57:23.266+0000] {logging_mixin.py:188} INFO -   Batch 2: Saved to /tmp/aviation/filtered_states | Current size: 0.116 GB
[2025-12-24T10:57:23.312+0000] {logging_mixin.py:188} INFO -   Cleaned up temp directory
[2025-12-24T10:57:23.312+0000] {logging_mixin.py:188} INFO - Processing batch 3/545 (5 files)
[2025-12-24T10:57:23.313+0000] {logging_mixin.py:188} INFO -   Extracting file 1/5: states_.2017-06-05-05.csv.tar
[2025-12-24T10:57:23.327+0000] {logging_mixin.py:188} INFO -   Extracting file 2/5: states_2017-06-05-05.csv.tar
[2025-12-24T10:57:23.837+0000] {logging_mixin.py:188} INFO -   Extracting file 3/5: states_.2017-06-05-06.csv.tar
[2025-12-24T10:57:23.845+0000] {logging_mixin.py:188} INFO -   Extracting file 4/5: states_2017-06-05-06.csv.tar
[2025-12-24T10:57:24.362+0000] {logging_mixin.py:188} INFO -   Extracting file 5/5: states_.2017-06-05-07.csv.tar
[2025-12-24T10:57:24.378+0000] {logging_mixin.py:188} INFO -   Reading 2 CSV files with Spark...
[2025-12-24T10:57:30.285+0000] {logging_mixin.py:188} INFO -   Batch 3: 28376 India-related records
[2025-12-24T10:57:37.815+0000] {logging_mixin.py:188} INFO -   Batch 3: Saved to /tmp/aviation/filtered_states | Current size: 0.117 GB
[2025-12-24T10:57:37.851+0000] {logging_mixin.py:188} INFO -   Cleaned up temp directory
[2025-12-24T10:57:37.852+0000] {logging_mixin.py:188} INFO - Processing batch 4/545 (5 files)
[2025-12-24T10:57:37.852+0000] {logging_mixin.py:188} INFO -   Extracting file 1/5: states_2017-06-05-07.csv.tar
[2025-12-24T10:57:38.384+0000] {logging_mixin.py:188} INFO -   Extracting file 2/5: states_.2017-06-05-08.csv.tar
[2025-12-24T10:57:38.397+0000] {logging_mixin.py:188} INFO -   Extracting file 3/5: states_2017-06-05-08.csv.tar
[2025-12-24T10:57:38.957+0000] {logging_mixin.py:188} INFO -   Extracting file 4/5: states_.2017-06-05-09.csv.tar
[2025-12-24T10:57:38.963+0000] {logging_mixin.py:188} INFO -   Extracting file 5/5: states_2017-06-05-09.csv.tar
[2025-12-24T10:57:39.552+0000] {logging_mixin.py:188} INFO -   Reading 3 CSV files with Spark...
[2025-12-24T10:57:47.366+0000] {logging_mixin.py:188} INFO -   Batch 4: 23886 India-related records
[2025-12-24T10:57:56.929+0000] {logging_mixin.py:188} INFO -   Batch 4: Saved to /tmp/aviation/filtered_states | Current size: 0.118 GB
[2025-12-24T10:57:56.985+0000] {logging_mixin.py:188} INFO -   Cleaned up temp directory
[2025-12-24T10:57:56.986+0000] {logging_mixin.py:188} INFO - Processing batch 5/545 (5 files)
[2025-12-24T10:57:56.986+0000] {logging_mixin.py:188} INFO -   Extracting file 1/5: states_.2017-06-05-10.csv.tar
[2025-12-24T10:57:57.000+0000] {logging_mixin.py:188} INFO -   Extracting file 2/5: states_2017-06-05-10.csv.tar
[2025-12-24T10:57:57.650+0000] {logging_mixin.py:188} INFO -   Extracting file 3/5: states_.2017-06-05-11.csv.tar
[2025-12-24T10:57:57.662+0000] {logging_mixin.py:188} INFO -   Extracting file 4/5: states_2017-06-05-11.csv.tar
[2025-12-24T10:57:58.401+0000] {logging_mixin.py:188} INFO -   Extracting file 5/5: states_.2017-06-05-12.csv.tar
[2025-12-24T10:57:58.412+0000] {logging_mixin.py:188} INFO -   Reading 2 CSV files with Spark...
[2025-12-24T10:58:05.519+0000] {logging_mixin.py:188} INFO -   Batch 5: 10941 India-related records
[2025-12-24T10:58:16.026+0000] {logging_mixin.py:188} INFO -   Batch 5: Saved to /tmp/aviation/filtered_states | Current size: 0.118 GB
[2025-12-24T10:58:16.047+0000] {logging_mixin.py:188} INFO -   Cleaned up temp directory
[2025-12-24T10:58:16.048+0000] {logging_mixin.py:188} INFO - Processing batch 6/545 (5 files)
[2025-12-24T10:58:16.048+0000] {logging_mixin.py:188} INFO -   Extracting file 1/5: states_2017-06-05-12.csv.tar
[2025-12-24T10:58:16.824+0000] {logging_mixin.py:188} INFO -   Extracting file 2/5: states_.2017-06-05-13.csv.tar
[2025-12-24T10:58:16.831+0000] {logging_mixin.py:188} INFO -   Extracting file 3/5: states_2017-06-05-13.csv.tar
[2025-12-24T10:58:17.649+0000] {logging_mixin.py:188} INFO -   Extracting file 4/5: states_.2017-06-05-14.csv.tar
[2025-12-24T10:58:17.665+0000] {logging_mixin.py:188} INFO -   Extracting file 5/5: states_2017-06-05-14.csv.tar
[2025-12-24T10:58:18.495+0000] {logging_mixin.py:188} INFO -   Reading 3 CSV files with Spark...
[2025-12-24T10:58:28.577+0000] {logging_mixin.py:188} INFO -   Batch 6: 11390 India-related records
[2025-12-24T10:58:42.516+0000] {logging_mixin.py:188} INFO -   Batch 6: Saved to /tmp/aviation/filtered_states | Current size: 0.119 GB
[2025-12-24T10:58:42.566+0000] {logging_mixin.py:188} INFO -   Cleaned up temp directory
[2025-12-24T10:58:42.568+0000] {logging_mixin.py:188} INFO - Processing batch 7/545 (5 files)
[2025-12-24T10:58:42.572+0000] {logging_mixin.py:188} INFO -   Extracting file 1/5: states_.2017-06-05-15.csv.tar
[2025-12-24T10:58:42.590+0000] {logging_mixin.py:188} INFO -   Extracting file 2/5: states_2017-06-05-15.csv.tar
[2025-12-24T10:58:43.446+0000] {logging_mixin.py:188} INFO -   Extracting file 3/5: states_.2017-06-05-16.csv.tar
[2025-12-24T10:58:43.461+0000] {logging_mixin.py:188} INFO -   Extracting file 4/5: states_2017-06-05-16.csv.tar
[2025-12-24T10:58:44.362+0000] {logging_mixin.py:188} INFO -   Extracting file 5/5: states_.2017-06-05-17.csv.tar
[2025-12-24T10:58:44.370+0000] {logging_mixin.py:188} INFO -   Reading 2 CSV files with Spark...
[2025-12-24T10:58:54.264+0000] {logging_mixin.py:188} INFO -   Batch 7: 11840 India-related records
[2025-12-24T10:59:06.634+0000] {logging_mixin.py:188} INFO -   Batch 7: Saved to /tmp/aviation/filtered_states | Current size: 0.119 GB
[2025-12-24T10:59:06.676+0000] {logging_mixin.py:188} INFO -   Cleaned up temp directory
[2025-12-24T10:59:06.676+0000] {logging_mixin.py:188} INFO - Processing batch 8/545 (5 files)
[2025-12-24T10:59:06.677+0000] {logging_mixin.py:188} INFO -   Extracting file 1/5: states_2017-06-05-17.csv.tar
[2025-12-24T10:59:07.572+0000] {logging_mixin.py:188} INFO -   Extracting file 2/5: states_.2017-06-05-18.csv.tar
[2025-12-24T10:59:07.585+0000] {logging_mixin.py:188} INFO -   Extracting file 3/5: states_2017-06-05-18.csv.tar
[2025-12-24T10:59:08.389+0000] {logging_mixin.py:188} INFO -   Extracting file 4/5: states_.2017-06-05-19.csv.tar
[2025-12-24T10:59:08.398+0000] {logging_mixin.py:188} INFO -   Extracting file 5/5: states_2017-06-05-19.csv.tar
[2025-12-24T10:59:09.175+0000] {logging_mixin.py:188} INFO -   Reading 3 CSV files with Spark...
[2025-12-24T10:59:18.817+0000] {logging_mixin.py:188} INFO -   Batch 8: 14892 India-related records
[2025-12-24T10:59:33.623+0000] {logging_mixin.py:188} INFO -   Batch 8: Saved to /tmp/aviation/filtered_states | Current size: 0.120 GB
[2025-12-24T10:59:33.711+0000] {logging_mixin.py:188} INFO -   Cleaned up temp directory
[2025-12-24T10:59:33.711+0000] {logging_mixin.py:188} INFO - Processing batch 9/545 (5 files)
[2025-12-24T10:59:33.712+0000] {logging_mixin.py:188} INFO -   Extracting file 1/5: states_.2017-06-05-20.csv.tar
[2025-12-24T10:59:33.727+0000] {logging_mixin.py:188} INFO -   Extracting file 2/5: states_2017-06-05-20.csv.tar
[2025-12-24T10:59:34.468+0000] {logging_mixin.py:188} INFO -   Extracting file 3/5: states_.2017-06-05-21.csv.tar
[2025-12-24T10:59:34.480+0000] {logging_mixin.py:188} INFO -   Extracting file 4/5: states_2017-06-05-21.csv.tar
[2025-12-24T10:59:35.147+0000] {logging_mixin.py:188} INFO -   Extracting file 5/5: states_.2017-06-05-22.csv.tar
[2025-12-24T10:59:35.170+0000] {logging_mixin.py:188} INFO -   Reading 2 CSV files with Spark...
[2025-12-24T10:59:44.568+0000] {logging_mixin.py:188} INFO -   Batch 9: 13336 India-related records
[2025-12-24T10:59:56.019+0000] {logging_mixin.py:188} INFO -   Batch 9: Saved to /tmp/aviation/filtered_states | Current size: 0.121 GB
[2025-12-24T10:59:56.073+0000] {logging_mixin.py:188} INFO -   Cleaned up temp directory
[2025-12-24T10:59:56.074+0000] {logging_mixin.py:188} INFO - Processing batch 10/545 (5 files)
[2025-12-24T10:59:56.074+0000] {logging_mixin.py:188} INFO -   Extracting file 1/5: states_2017-06-05-22.csv.tar
[2025-12-24T10:59:56.678+0000] {logging_mixin.py:188} INFO -   Extracting file 2/5: states_.2017-06-05-23.csv.tar
[2025-12-24T10:59:56.688+0000] {logging_mixin.py:188} INFO -   Extracting file 3/5: states_2017-06-05-23.csv.tar
[2025-12-24T10:59:57.246+0000] {logging_mixin.py:188} INFO -   Extracting file 4/5: states_2017-07-03-00.csv.tar
[2025-12-24T10:59:57.726+0000] {logging_mixin.py:188} INFO -   Extracting file 5/5: states_2017-07-03-01.csv.tar
[2025-12-24T10:59:58.197+0000] {logging_mixin.py:188} INFO -   Reading 4 CSV files with Spark...
[2025-12-24T11:00:06.236+0000] {logging_mixin.py:188} INFO -   Batch 10: 14505 India-related records
[2025-12-24T11:00:17.747+0000] {logging_mixin.py:188} INFO -   Batch 10: Saved to /tmp/aviation/filtered_states | Current size: 0.121 GB
[2025-12-24T11:00:17.809+0000] {logging_mixin.py:188} INFO -   Cleaned up temp directory
[2025-12-24T11:00:17.810+0000] {logging_mixin.py:188} INFO - Processing batch 11/545 (5 files)
[2025-12-24T11:00:17.810+0000] {logging_mixin.py:188} INFO -   Extracting file 1/5: states_2017-07-03-02.csv.tar
[2025-12-24T11:00:18.266+0000] {logging_mixin.py:188} INFO -   Extracting file 2/5: states_2017-07-03-03.csv.tar
[2025-12-24T11:00:18.663+0000] {logging_mixin.py:188} INFO -   Extracting file 3/5: states_2017-07-03-04.csv.tar
[2025-12-24T11:00:19.065+0000] {logging_mixin.py:188} INFO -   Extracting file 4/5: states_2017-07-03-05.csv.tar
[2025-12-24T11:00:19.579+0000] {logging_mixin.py:188} INFO -   Extracting file 5/5: states_2017-07-03-06.csv.tar
[2025-12-24T11:00:20.130+0000] {logging_mixin.py:188} INFO -   Reading 5 CSV files with Spark...
[2025-12-24T11:00:26.628+0000] {logging_mixin.py:188} INFO -   Batch 11: 17718 India-related records
[2025-12-24T11:00:36.261+0000] {logging_mixin.py:188} INFO -   Batch 11: Saved to /tmp/aviation/filtered_states | Current size: 0.122 GB
[2025-12-24T11:00:36.324+0000] {logging_mixin.py:188} INFO -   Cleaned up temp directory
[2025-12-24T11:00:36.324+0000] {logging_mixin.py:188} INFO - Processing batch 12/545 (5 files)
[2025-12-24T11:00:36.325+0000] {logging_mixin.py:188} INFO -   Extracting file 1/5: states_2017-07-03-07.csv.tar
[2025-12-24T11:00:36.893+0000] {logging_mixin.py:188} INFO -   Extracting file 2/5: states_2017-07-03-08.csv.tar
[2025-12-24T11:00:37.454+0000] {logging_mixin.py:188} INFO -   Extracting file 3/5: states_2017-07-03-09.csv.tar
[2025-12-24T11:00:38.043+0000] {logging_mixin.py:188} INFO -   Extracting file 4/5: states_2017-07-03-10.csv.tar
[2025-12-24T11:00:38.644+0000] {logging_mixin.py:188} INFO -   Extracting file 5/5: states_2017-07-03-11.csv.tar
[2025-12-24T11:00:39.317+0000] {logging_mixin.py:188} INFO -   Reading 5 CSV files with Spark...
[2025-12-24T11:00:48.526+0000] {logging_mixin.py:188} INFO -   Batch 12: 20371 India-related records
[2025-12-24T11:01:00.279+0000] {logging_mixin.py:188} INFO -   Batch 12: Saved to /tmp/aviation/filtered_states | Current size: 0.123 GB
[2025-12-24T11:01:00.360+0000] {logging_mixin.py:188} INFO -   Cleaned up temp directory
[2025-12-24T11:01:00.361+0000] {logging_mixin.py:188} INFO - Processing batch 13/545 (5 files)
[2025-12-24T11:01:00.361+0000] {logging_mixin.py:188} INFO -   Extracting file 1/5: states_2017-07-03-12.csv.tar
[2025-12-24T11:01:01.067+0000] {logging_mixin.py:188} INFO -   Extracting file 2/5: states_2017-07-03-13.csv.tar
[2025-12-24T11:01:01.824+0000] {logging_mixin.py:188} INFO -   Extracting file 3/5: states_2017-07-03-14.csv.tar
[2025-12-24T11:01:02.651+0000] {logging_mixin.py:188} INFO -   Extracting file 4/5: states_2017-07-03-15.csv.tar
[2025-12-24T11:01:03.475+0000] {logging_mixin.py:188} INFO -   Extracting file 5/5: states_2017-07-03-16.csv.tar
[2025-12-24T11:01:04.272+0000] {logging_mixin.py:188} INFO -   Reading 5 CSV files with Spark...
[2025-12-24T11:01:15.230+0000] {logging_mixin.py:188} INFO -   Batch 13: 23968 India-related records
[2025-12-24T11:01:30.789+0000] {logging_mixin.py:188} INFO -   Batch 13: Saved to /tmp/aviation/filtered_states | Current size: 0.124 GB
[2025-12-24T11:01:30.878+0000] {logging_mixin.py:188} INFO -   Cleaned up temp directory
[2025-12-24T11:01:30.880+0000] {logging_mixin.py:188} INFO - Processing batch 14/545 (5 files)
[2025-12-24T11:01:30.880+0000] {logging_mixin.py:188} INFO -   Extracting file 1/5: states_2017-07-03-17.csv.tar
[2025-12-24T11:01:31.669+0000] {logging_mixin.py:188} INFO -   Extracting file 2/5: states_2017-07-03-18.csv.tar
[2025-12-24T11:01:32.452+0000] {logging_mixin.py:188} INFO -   Extracting file 3/5: states_2017-07-03-19.csv.tar
[2025-12-24T11:01:33.253+0000] {logging_mixin.py:188} INFO -   Extracting file 4/5: states_2017-07-03-20.csv.tar
[2025-12-24T11:01:33.990+0000] {logging_mixin.py:188} INFO -   Extracting file 5/5: states_2017-07-03-21.csv.tar
[2025-12-24T11:01:34.649+0000] {logging_mixin.py:188} INFO -   Reading 5 CSV files with Spark...
[2025-12-24T11:01:45.699+0000] {logging_mixin.py:188} INFO -   Batch 14: 31053 India-related records
[2025-12-24T11:02:01.806+0000] {logging_mixin.py:188} INFO -   Batch 14: Saved to /tmp/aviation/filtered_states | Current size: 0.125 GB
[2025-12-24T11:02:01.869+0000] {logging_mixin.py:188} INFO -   Cleaned up temp directory
[2025-12-24T11:02:01.871+0000] {logging_mixin.py:188} INFO - Processing batch 15/545 (5 files)
[2025-12-24T11:02:01.872+0000] {logging_mixin.py:188} INFO -   Extracting file 1/5: states_2017-07-03-22.csv.tar
[2025-12-24T11:02:02.457+0000] {logging_mixin.py:188} INFO -   Extracting file 2/5: states_2017-07-03-23.csv.tar
[2025-12-24T11:02:02.966+0000] {logging_mixin.py:188} INFO -   Extracting file 3/5: states_2017-07-10-00.csv.tar
[2025-12-24T11:02:03.525+0000] {logging_mixin.py:188} INFO -   Extracting file 4/5: states_2017-07-10-01.csv.tar
[2025-12-24T11:02:04.034+0000] {logging_mixin.py:188} INFO -   Extracting file 5/5: states_2017-07-10-02.csv.tar
[2025-12-24T11:02:04.502+0000] {logging_mixin.py:188} INFO -   Reading 5 CSV files with Spark...
[2025-12-24T11:02:12.074+0000] {logging_mixin.py:188} INFO -   Batch 15: 21625 India-related records
[2025-12-24T11:02:23.463+0000] {logging_mixin.py:188} INFO -   Batch 15: Saved to /tmp/aviation/filtered_states | Current size: 0.126 GB
[2025-12-24T11:02:23.497+0000] {logging_mixin.py:188} INFO -   Cleaned up temp directory
[2025-12-24T11:02:23.497+0000] {logging_mixin.py:188} INFO - Processing batch 16/545 (5 files)
[2025-12-24T11:02:23.497+0000] {logging_mixin.py:188} INFO -   Extracting file 1/5: states_2017-07-10-03.csv.tar
[2025-12-24T11:02:23.965+0000] {logging_mixin.py:188} INFO -   Extracting file 2/5: states_2017-07-10-04.csv.tar
[2025-12-24T11:02:24.426+0000] {logging_mixin.py:188} INFO -   Extracting file 3/5: states_2017-07-10-05.csv.tar
[2025-12-24T11:02:24.972+0000] {logging_mixin.py:188} INFO -   Extracting file 4/5: states_2017-07-10-06.csv.tar
[2025-12-24T11:02:25.520+0000] {logging_mixin.py:188} INFO -   Extracting file 5/5: states_2017-07-10-07.csv.tar
[2025-12-24T11:02:26.082+0000] {logging_mixin.py:188} INFO -   Reading 5 CSV files with Spark...
[2025-12-24T11:02:35.169+0000] {logging_mixin.py:188} INFO -   Batch 16: 19153 India-related records
[2025-12-24T11:02:47.238+0000] {logging_mixin.py:188} INFO -   Batch 16: Saved to /tmp/aviation/filtered_states | Current size: 0.127 GB
[2025-12-24T11:02:47.275+0000] {logging_mixin.py:188} INFO -   Cleaned up temp directory
[2025-12-24T11:02:47.276+0000] {logging_mixin.py:188} INFO - Processing batch 17/545 (5 files)
[2025-12-24T11:02:47.277+0000] {logging_mixin.py:188} INFO -   Extracting file 1/5: states_2017-07-10-08.csv.tar
[2025-12-24T11:02:47.865+0000] {logging_mixin.py:188} INFO -   Extracting file 2/5: states_2017-07-10-09.csv.tar
[2025-12-24T11:02:48.477+0000] {logging_mixin.py:188} INFO -   Extracting file 3/5: states_2017-07-10-10.csv.tar
[2025-12-24T11:02:49.167+0000] {logging_mixin.py:188} INFO -   Extracting file 4/5: states_2017-07-10-11.csv.tar
[2025-12-24T11:02:49.955+0000] {logging_mixin.py:188} INFO -   Extracting file 5/5: states_2017-07-10-12.csv.tar
[2025-12-24T11:02:50.741+0000] {logging_mixin.py:188} INFO -   Reading 5 CSV files with Spark...
[2025-12-24T11:03:03.263+0000] {logging_mixin.py:188} INFO -   Batch 17: 19414 India-related records
[2025-12-24T11:03:07.214+0000] {local_task_job_runner.py:310} WARNING - State of this instance has been externally set to None. Terminating instance.
[2025-12-24T11:03:07.319+0000] {local_task_job_runner.py:222} INFO - ::endgroup::
[2025-12-24T11:03:07.361+0000] {process_utils.py:132} INFO - Sending 15 to group 7317. PIDs of all processes in the group: [7318, 7317]
[2025-12-24T11:03:07.368+0000] {process_utils.py:87} INFO - Sending the signal 15 to group 7317
[2025-12-24T11:03:07.374+0000] {taskinstance.py:2607} ERROR - Received SIGTERM. Terminating subprocesses.
[2025-12-24T11:03:07.386+0000] {logging_mixin.py:188} INFO -   Cleaned up temp directory
[2025-12-24T11:03:08.704+0000] {clientserver.py:538} INFO - Error while receiving.
Traceback (most recent call last):
  File "/opt/airflow/dags/aviation_batch_dag.py", line 138, in run_batch_pipeline
    stats = pipeline.run_full_pipeline(
            ^^^^^^^^^^^^^^^^^^^^^^^^^^^
  File "/opt/airflow/src/batch/batch_pipeline.py", line 118, in run_full_pipeline
    stage_stats = self._process_states(limit=states_limit)
                  ^^^^^^^^^^^^^^^^^^^^^^^^^^^^^^^^^^^^^^^^
  File "/opt/airflow/src/batch/batch_pipeline.py", line 169, in _process_states
    process_tar_files_to_parquet(
  File "/opt/airflow/src/batch/extract_india_flights.py", line 220, in process_tar_files_to_parquet
    .parquet(output_path)
     ^^^^^^^^^^^^^^^^^^^^
  File "/opt/spark/python/pyspark/sql/readwriter.py", line 1721, in parquet
    self._jwrite.parquet(path)
  File "/opt/spark/python/lib/py4j-0.10.9.7-src.zip/py4j/java_gateway.py", line 1321, in __call__
    answer = self.gateway_client.send_command(command)
             ^^^^^^^^^^^^^^^^^^^^^^^^^^^^^^^^^^^^^^^^^
  File "/opt/spark/python/lib/py4j-0.10.9.7-src.zip/py4j/java_gateway.py", line 1038, in send_command
    response = connection.send_command(command)
               ^^^^^^^^^^^^^^^^^^^^^^^^^^^^^^^^
  File "/opt/spark/python/lib/py4j-0.10.9.7-src.zip/py4j/clientserver.py", line 511, in send_command
    answer = smart_decode(self.stream.readline()[:-1])
                          ^^^^^^^^^^^^^^^^^^^^^^
  File "/usr/local/lib/python3.11/socket.py", line 706, in readinto
    return self._sock.recv_into(b)
           ^^^^^^^^^^^^^^^^^^^^^^^
  File "/home/airflow/.local/lib/python3.11/site-packages/airflow/models/taskinstance.py", line 2609, in signal_handler
    raise AirflowTaskTerminated("Task received SIGTERM signal")
airflow.exceptions.AirflowTaskTerminated: Task received SIGTERM signal

During handling of the above exception, another exception occurred:

Traceback (most recent call last):
  File "/opt/spark/python/lib/py4j-0.10.9.7-src.zip/py4j/clientserver.py", line 511, in send_command
    answer = smart_decode(self.stream.readline()[:-1])
                          ^^^^^^^^^^^^^^^^^^^^^^
  File "/usr/local/lib/python3.11/socket.py", line 706, in readinto
    return self._sock.recv_into(b)
           ^^^^^^^^^^^^^^^^^^^^^^^
ConnectionResetError: [Errno 104] Connection reset by peer
[2025-12-24T11:03:08.795+0000] {clientserver.py:543} INFO - Closing down clientserver connection
[2025-12-24T11:03:08.803+0000] {java_gateway.py:1055} ERROR - Exception while sending command.
Traceback (most recent call last):
  File "/opt/airflow/dags/aviation_batch_dag.py", line 138, in run_batch_pipeline
    stats = pipeline.run_full_pipeline(
            ^^^^^^^^^^^^^^^^^^^^^^^^^^^
  File "/opt/airflow/src/batch/batch_pipeline.py", line 118, in run_full_pipeline
    stage_stats = self._process_states(limit=states_limit)
                  ^^^^^^^^^^^^^^^^^^^^^^^^^^^^^^^^^^^^^^^^
  File "/opt/airflow/src/batch/batch_pipeline.py", line 169, in _process_states
    process_tar_files_to_parquet(
  File "/opt/airflow/src/batch/extract_india_flights.py", line 220, in process_tar_files_to_parquet
    .parquet(output_path)
     ^^^^^^^^^^^^^^^^^^^^
  File "/opt/spark/python/pyspark/sql/readwriter.py", line 1721, in parquet
    self._jwrite.parquet(path)
  File "/opt/spark/python/lib/py4j-0.10.9.7-src.zip/py4j/java_gateway.py", line 1321, in __call__
    answer = self.gateway_client.send_command(command)
             ^^^^^^^^^^^^^^^^^^^^^^^^^^^^^^^^^^^^^^^^^
  File "/opt/spark/python/lib/py4j-0.10.9.7-src.zip/py4j/java_gateway.py", line 1038, in send_command
    response = connection.send_command(command)
               ^^^^^^^^^^^^^^^^^^^^^^^^^^^^^^^^
  File "/opt/spark/python/lib/py4j-0.10.9.7-src.zip/py4j/clientserver.py", line 511, in send_command
    answer = smart_decode(self.stream.readline()[:-1])
                          ^^^^^^^^^^^^^^^^^^^^^^
  File "/usr/local/lib/python3.11/socket.py", line 706, in readinto
    return self._sock.recv_into(b)
           ^^^^^^^^^^^^^^^^^^^^^^^
  File "/home/airflow/.local/lib/python3.11/site-packages/airflow/models/taskinstance.py", line 2609, in signal_handler
    raise AirflowTaskTerminated("Task received SIGTERM signal")
airflow.exceptions.AirflowTaskTerminated: Task received SIGTERM signal

During handling of the above exception, another exception occurred:

Traceback (most recent call last):
  File "/opt/spark/python/lib/py4j-0.10.9.7-src.zip/py4j/clientserver.py", line 511, in send_command
    answer = smart_decode(self.stream.readline()[:-1])
                          ^^^^^^^^^^^^^^^^^^^^^^
  File "/usr/local/lib/python3.11/socket.py", line 706, in readinto
    return self._sock.recv_into(b)
           ^^^^^^^^^^^^^^^^^^^^^^^
ConnectionResetError: [Errno 104] Connection reset by peer

During handling of the above exception, another exception occurred:

Traceback (most recent call last):
  File "/opt/spark/python/lib/py4j-0.10.9.7-src.zip/py4j/java_gateway.py", line 1038, in send_command
    response = connection.send_command(command)
               ^^^^^^^^^^^^^^^^^^^^^^^^^^^^^^^^
  File "/opt/spark/python/lib/py4j-0.10.9.7-src.zip/py4j/clientserver.py", line 539, in send_command
    raise Py4JNetworkError(
py4j.protocol.Py4JNetworkError: Error while sending or receiving
[2025-12-24T11:03:08.901+0000] {logging_mixin.py:188} WARNING - /opt/spark/python/pyspark/context.py:657 RuntimeWarning: Unable to cleanly shutdown Spark JVM process. It is possible that the process has crashed, been killed or may also be in a zombie state.
[2025-12-24T11:03:09.063+0000] {clientserver.py:543} INFO - Closing down clientserver connection
[2025-12-24T11:03:09.073+0000] {taskinstance.py:441} INFO - ::group::Post task execution logs
[2025-12-24T11:03:09.106+0000] {taskinstance.py:2890} ERROR - Task failed with exception
Traceback (most recent call last):
  File "/opt/airflow/dags/aviation_batch_dag.py", line 138, in run_batch_pipeline
    stats = pipeline.run_full_pipeline(
            ^^^^^^^^^^^^^^^^^^^^^^^^^^^
  File "/opt/airflow/src/batch/batch_pipeline.py", line 118, in run_full_pipeline
    stage_stats = self._process_states(limit=states_limit)
                  ^^^^^^^^^^^^^^^^^^^^^^^^^^^^^^^^^^^^^^^^
  File "/opt/airflow/src/batch/batch_pipeline.py", line 169, in _process_states
    process_tar_files_to_parquet(
  File "/opt/airflow/src/batch/extract_india_flights.py", line 220, in process_tar_files_to_parquet
    .parquet(output_path)
     ^^^^^^^^^^^^^^^^^^^^
  File "/opt/spark/python/pyspark/sql/readwriter.py", line 1721, in parquet
    self._jwrite.parquet(path)
  File "/opt/spark/python/lib/py4j-0.10.9.7-src.zip/py4j/java_gateway.py", line 1321, in __call__
    answer = self.gateway_client.send_command(command)
             ^^^^^^^^^^^^^^^^^^^^^^^^^^^^^^^^^^^^^^^^^
  File "/opt/spark/python/lib/py4j-0.10.9.7-src.zip/py4j/java_gateway.py", line 1038, in send_command
    response = connection.send_command(command)
               ^^^^^^^^^^^^^^^^^^^^^^^^^^^^^^^^
  File "/opt/spark/python/lib/py4j-0.10.9.7-src.zip/py4j/clientserver.py", line 511, in send_command
    answer = smart_decode(self.stream.readline()[:-1])
                          ^^^^^^^^^^^^^^^^^^^^^^
  File "/usr/local/lib/python3.11/socket.py", line 706, in readinto
    return self._sock.recv_into(b)
           ^^^^^^^^^^^^^^^^^^^^^^^
  File "/home/airflow/.local/lib/python3.11/site-packages/airflow/models/taskinstance.py", line 2609, in signal_handler
    raise AirflowTaskTerminated("Task received SIGTERM signal")
airflow.exceptions.AirflowTaskTerminated: Task received SIGTERM signal

During handling of the above exception, another exception occurred:

Traceback (most recent call last):
  File "/home/airflow/.local/lib/python3.11/site-packages/airflow/models/taskinstance.py", line 460, in _execute_task
    result = _execute_callable(context=context, **execute_callable_kwargs)
             ^^^^^^^^^^^^^^^^^^^^^^^^^^^^^^^^^^^^^^^^^^^^^^^^^^^^^^^^^^^^^
  File "/home/airflow/.local/lib/python3.11/site-packages/airflow/models/taskinstance.py", line 432, in _execute_callable
    return execute_callable(context=context, **execute_callable_kwargs)
           ^^^^^^^^^^^^^^^^^^^^^^^^^^^^^^^^^^^^^^^^^^^^^^^^^^^^^^^^^^^^
  File "/home/airflow/.local/lib/python3.11/site-packages/airflow/models/baseoperator.py", line 400, in wrapper
    return func(self, *args, **kwargs)
           ^^^^^^^^^^^^^^^^^^^^^^^^^^^
  File "/home/airflow/.local/lib/python3.11/site-packages/airflow/operators/python.py", line 235, in execute
    return_value = self.execute_callable()
                   ^^^^^^^^^^^^^^^^^^^^^^^
  File "/home/airflow/.local/lib/python3.11/site-packages/airflow/operators/python.py", line 252, in execute_callable
    return self.python_callable(*self.op_args, **self.op_kwargs)
           ^^^^^^^^^^^^^^^^^^^^^^^^^^^^^^^^^^^^^^^^^^^^^^^^^^^^^
  File "/opt/airflow/dags/aviation_batch_dag.py", line 151, in run_batch_pipeline
    pipeline.stop()
  File "/opt/airflow/src/batch/batch_pipeline.py", line 366, in stop
    self.spark.stop()
  File "/opt/spark/python/pyspark/sql/session.py", line 1799, in stop
    self._jvm.SparkSession.clearDefaultSession()
    ^^^^^^^^^^^^^^^^^^^^^^
  File "/opt/spark/python/lib/py4j-0.10.9.7-src.zip/py4j/java_gateway.py", line 1712, in __getattr__
    answer = self._gateway_client.send_command(
             ^^^^^^^^^^^^^^^^^^^^^^^^^^^^^^^^^^
  File "/opt/spark/python/lib/py4j-0.10.9.7-src.zip/py4j/java_gateway.py", line 1036, in send_command
    connection = self._get_connection()
                 ^^^^^^^^^^^^^^^^^^^^^^
  File "/opt/spark/python/lib/py4j-0.10.9.7-src.zip/py4j/clientserver.py", line 284, in _get_connection
    connection = self._create_new_connection()
                 ^^^^^^^^^^^^^^^^^^^^^^^^^^^^^
  File "/opt/spark/python/lib/py4j-0.10.9.7-src.zip/py4j/clientserver.py", line 291, in _create_new_connection
    connection.connect_to_java_server()
  File "/opt/spark/python/lib/py4j-0.10.9.7-src.zip/py4j/clientserver.py", line 438, in connect_to_java_server
    self.socket.connect((self.java_address, self.java_port))
ConnectionRefusedError: [Errno 111] Connection refused
[2025-12-24T11:03:09.470+0000] {taskinstance.py:1205} INFO - Marking task as UP_FOR_RETRY. dag_id=aviation_batch_pipeline, task_id=run_batch_pipeline, execution_date=20251224T105528, start_date=20251224T105634, end_date=20251224T110309
[2025-12-24T11:03:09.713+0000] {standard_task_runner.py:110} ERROR - Failed to execute job 47 for task run_batch_pipeline ([Errno 111] Connection refused; 7317)
[2025-12-24T11:03:09.784+0000] {process_utils.py:80} INFO - Process psutil.Process(pid=7317, status='terminated', exitcode=1, started='10:56:34') (7317) terminated with exit code 1
[2025-12-24T11:03:09.789+0000] {process_utils.py:80} INFO - Process psutil.Process(pid=7318, status='terminated', started='10:56:34') (7318) terminated with exit code None
