[2025-12-24T18:22:22.890+0000] {local_task_job_runner.py:120} INFO - ::group::Pre task execution logs
[2025-12-24T18:22:23.173+0000] {taskinstance.py:2073} INFO - Dependencies all met for dep_context=non-requeueable deps ti=<TaskInstance: serving_layer_postgres_load.load_postgres manual__2025-12-24T18:22:01+00:00 [queued]>
[2025-12-24T18:22:23.309+0000] {taskinstance.py:2073} INFO - Dependencies all met for dep_context=requeueable deps ti=<TaskInstance: serving_layer_postgres_load.load_postgres manual__2025-12-24T18:22:01+00:00 [queued]>
[2025-12-24T18:22:23.310+0000] {taskinstance.py:2303} INFO - Starting attempt 1 of 3
[2025-12-24T18:22:23.387+0000] {taskinstance.py:2327} INFO - Executing <Task(PythonOperator): load_postgres> on 2025-12-24 18:22:01+00:00
[2025-12-24T18:22:23.422+0000] {standard_task_runner.py:63} INFO - Started process 2374 to run task
[2025-12-24T18:22:23.456+0000] {standard_task_runner.py:90} INFO - Running: ['***', 'tasks', 'run', 'serving_layer_postgres_load', 'load_postgres', 'manual__2025-12-24T18:22:01+00:00', '--job-id', '125', '--raw', '--subdir', 'DAGS_FOLDER/serving_layer_postgres_load.py', '--cfg-path', '/tmp/tmpfe324bf1']
[2025-12-24T18:22:23.464+0000] {standard_task_runner.py:91} INFO - Job 125: Subtask load_postgres
[2025-12-24T18:22:23.687+0000] {task_command.py:426} INFO - Running <TaskInstance: serving_layer_postgres_load.load_postgres manual__2025-12-24T18:22:01+00:00 [running]> on host 2f0396c9313f
[2025-12-24T18:22:24.552+0000] {taskinstance.py:2644} INFO - Exporting env vars: AIRFLOW_CTX_DAG_OWNER='aviation' AIRFLOW_CTX_DAG_ID='serving_layer_postgres_load' AIRFLOW_CTX_TASK_ID='load_postgres' AIRFLOW_CTX_EXECUTION_DATE='2025-12-24T18:22:01+00:00' AIRFLOW_CTX_TRY_NUMBER='1' AIRFLOW_CTX_DAG_RUN_ID='manual__2025-12-24T18:22:01+00:00'
[2025-12-24T18:22:24.565+0000] {taskinstance.py:430} INFO - ::endgroup::
[2025-12-24T18:22:24.726+0000] {logging_mixin.py:188} INFO - ============================================================
[2025-12-24T18:22:24.729+0000] {logging_mixin.py:188} INFO - RUNNING FULL LOAD (overwriting all data)
[2025-12-24T18:22:24.731+0000] {logging_mixin.py:188} INFO - ============================================================
[2025-12-24T18:22:24.732+0000] {logging_mixin.py:188} INFO - ============================================================
[2025-12-24T18:22:24.734+0000] {logging_mixin.py:188} INFO - AVIATION SERVING LAYER - INITIAL FULL LOAD
[2025-12-24T18:22:24.736+0000] {logging_mixin.py:188} INFO - ============================================================
[2025-12-24T18:22:24.780+0000] {logging_mixin.py:188} INFO - ✓ Database exists: aviation_db
[2025-12-24T18:22:24.823+0000] {logging_mixin.py:188} INFO - ✓ Tracking table ready: processed_files
[2025-12-24T18:23:17.983+0000] {local_task_job_runner.py:310} WARNING - State of this instance has been externally set to failed. Terminating instance.
[2025-12-24T18:23:18.616+0000] {local_task_job_runner.py:222} INFO - ::endgroup::
[2025-12-24T18:23:18.718+0000] {process_utils.py:132} INFO - Sending 15 to group 2374. PIDs of all processes in the group: [2391, 2401, 2374]
[2025-12-24T18:23:18.738+0000] {process_utils.py:87} INFO - Sending the signal 15 to group 2374
[2025-12-24T18:23:18.893+0000] {taskinstance.py:2607} ERROR - Received SIGTERM. Terminating subprocesses.
[2025-12-24T18:23:19.123+0000] {taskinstance.py:441} INFO - ::group::Post task execution logs
[2025-12-24T18:23:21.357+0000] {clientserver.py:538} INFO - Error while receiving.
Traceback (most recent call last):
  File "/opt/spark/python/lib/py4j-0.10.9.7-src.zip/py4j/clientserver.py", line 516, in send_command
    raise Py4JNetworkError("Answer from Java side is empty")
py4j.protocol.Py4JNetworkError: Answer from Java side is empty
[2025-12-24T18:23:21.521+0000] {process_utils.py:80} INFO - Process psutil.Process(pid=2401, status='terminated', started='18:22:24') (2401) terminated with exit code None
[2025-12-24T18:23:21.457+0000] {clientserver.py:543} INFO - Closing down clientserver connection
[2025-12-24T18:23:21.533+0000] {clientserver.py:543} INFO - Closing down clientserver connection
[2025-12-24T18:23:21.586+0000] {java_gateway.py:1055} ERROR - Exception while sending command.
Traceback (most recent call last):
  File "/opt/spark/python/lib/py4j-0.10.9.7-src.zip/py4j/clientserver.py", line 516, in send_command
    raise Py4JNetworkError("Answer from Java side is empty")
py4j.protocol.Py4JNetworkError: Answer from Java side is empty

During handling of the above exception, another exception occurred:

Traceback (most recent call last):
  File "/opt/spark/python/lib/py4j-0.10.9.7-src.zip/py4j/java_gateway.py", line 1038, in send_command
    response = connection.send_command(command)
               ^^^^^^^^^^^^^^^^^^^^^^^^^^^^^^^^
  File "/opt/spark/python/lib/py4j-0.10.9.7-src.zip/py4j/clientserver.py", line 539, in send_command
    raise Py4JNetworkError(
py4j.protocol.Py4JNetworkError: Error while sending or receiving
[2025-12-24T18:23:21.648+0000] {clientserver.py:543} INFO - Closing down clientserver connection
[2025-12-24T18:23:21.666+0000] {clientserver.py:543} INFO - Closing down clientserver connection
[2025-12-24T18:23:21.676+0000] {clientserver.py:543} INFO - Closing down clientserver connection
[2025-12-24T18:23:21.677+0000] {clientserver.py:543} INFO - Closing down clientserver connection
[2025-12-24T18:23:21.678+0000] {clientserver.py:543} INFO - Closing down clientserver connection
[2025-12-24T18:23:21.811+0000] {process_utils.py:80} INFO - Process psutil.Process(pid=2391, status='terminated', started='18:22:24') (2391) terminated with exit code None
[2025-12-24T18:23:21.813+0000] {process_utils.py:80} INFO - Process psutil.Process(pid=2374, status='terminated', exitcode=0, started='18:22:22') (2374) terminated with exit code 0
