[2026-01-03T07:26:34.820+0000] {local_task_job_runner.py:120} INFO - ::group::Pre task execution logs
[2026-01-03T07:26:34.865+0000] {taskinstance.py:2073} INFO - Dependencies all met for dep_context=non-requeueable deps ti=<TaskInstance: serving_layer_postgres_load.load_postgres scheduled__2026-01-03T00:00:00+00:00 [queued]>
[2026-01-03T07:26:34.876+0000] {taskinstance.py:2073} INFO - Dependencies all met for dep_context=requeueable deps ti=<TaskInstance: serving_layer_postgres_load.load_postgres scheduled__2026-01-03T00:00:00+00:00 [queued]>
[2026-01-03T07:26:34.876+0000] {taskinstance.py:2303} INFO - Starting attempt 3 of 3
[2026-01-03T07:26:34.894+0000] {taskinstance.py:2327} INFO - Executing <Task(PythonOperator): load_postgres> on 2026-01-03 00:00:00+00:00
[2026-01-03T07:26:34.905+0000] {standard_task_runner.py:63} INFO - Started process 734 to run task
[2026-01-03T07:26:34.909+0000] {standard_task_runner.py:90} INFO - Running: ['***', 'tasks', 'run', 'serving_layer_postgres_load', 'load_postgres', 'scheduled__2026-01-03T00:00:00+00:00', '--job-id', '147', '--raw', '--subdir', 'DAGS_FOLDER/serving_layer_postgres_load.py', '--cfg-path', '/tmp/tmp_9cdk1_e']
[2026-01-03T07:26:34.912+0000] {standard_task_runner.py:91} INFO - Job 147: Subtask load_postgres
[2026-01-03T07:26:35.000+0000] {task_command.py:426} INFO - Running <TaskInstance: serving_layer_postgres_load.load_postgres scheduled__2026-01-03T00:00:00+00:00 [running]> on host 963177684d5b
[2026-01-03T07:26:35.173+0000] {taskinstance.py:2644} INFO - Exporting env vars: AIRFLOW_CTX_DAG_OWNER='aviation' AIRFLOW_CTX_DAG_ID='serving_layer_postgres_load' AIRFLOW_CTX_TASK_ID='load_postgres' AIRFLOW_CTX_EXECUTION_DATE='2026-01-03T00:00:00+00:00' AIRFLOW_CTX_TRY_NUMBER='3' AIRFLOW_CTX_DAG_RUN_ID='scheduled__2026-01-03T00:00:00+00:00'
[2026-01-03T07:26:35.174+0000] {taskinstance.py:430} INFO - ::endgroup::
[2026-01-03T07:26:35.187+0000] {taskinstance.py:441} INFO - ::group::Post task execution logs
[2026-01-03T07:26:35.188+0000] {taskinstance.py:2890} ERROR - Task failed with exception
Traceback (most recent call last):
  File "/home/airflow/.local/lib/python3.11/site-packages/airflow/models/taskinstance.py", line 465, in _execute_task
    result = _execute_callable(context=context, **execute_callable_kwargs)
             ^^^^^^^^^^^^^^^^^^^^^^^^^^^^^^^^^^^^^^^^^^^^^^^^^^^^^^^^^^^^^
  File "/home/airflow/.local/lib/python3.11/site-packages/airflow/models/taskinstance.py", line 432, in _execute_callable
    return execute_callable(context=context, **execute_callable_kwargs)
           ^^^^^^^^^^^^^^^^^^^^^^^^^^^^^^^^^^^^^^^^^^^^^^^^^^^^^^^^^^^^
  File "/home/airflow/.local/lib/python3.11/site-packages/airflow/models/baseoperator.py", line 400, in wrapper
    return func(self, *args, **kwargs)
           ^^^^^^^^^^^^^^^^^^^^^^^^^^^
  File "/home/airflow/.local/lib/python3.11/site-packages/airflow/operators/python.py", line 235, in execute
    return_value = self.execute_callable()
                   ^^^^^^^^^^^^^^^^^^^^^^^
  File "/home/airflow/.local/lib/python3.11/site-packages/airflow/operators/python.py", line 252, in execute_callable
    return self.python_callable(*self.op_args, **self.op_kwargs)
           ^^^^^^^^^^^^^^^^^^^^^^^^^^^^^^^^^^^^^^^^^^^^^^^^^^^^^
  File "/opt/airflow/dags/serving_layer_postgres_load.py", line 86, in load_postgres_task
    logger = get_dag_logger(context)
             ^^^^^^^^^^^^^^^^^^^^^^^
  File "/opt/airflow/dags/serving_layer_postgres_load.py", line 40, in get_dag_logger
    _dag_loggers[run_id] = DAGLogger(
                           ^^^^^^^^^^
TypeError: DAGLogger.__init__() got an unexpected keyword argument 'log_to_console'
[2026-01-03T07:26:35.216+0000] {taskinstance.py:1205} INFO - Marking task as FAILED. dag_id=serving_layer_postgres_load, task_id=load_postgres, execution_date=20260103T000000, start_date=20260103T072634, end_date=20260103T072635
[2026-01-03T07:26:35.235+0000] {standard_task_runner.py:110} ERROR - Failed to execute job 147 for task load_postgres (DAGLogger.__init__() got an unexpected keyword argument 'log_to_console'; 734)
[2026-01-03T07:26:35.281+0000] {local_task_job_runner.py:240} INFO - Task exited with return code 1
[2026-01-03T07:26:35.339+0000] {taskinstance.py:3482} INFO - 1 downstream tasks scheduled from follow-on schedule check
[2026-01-03T07:26:35.342+0000] {local_task_job_runner.py:222} INFO - ::endgroup::
